#
# There is insufficient memory for the Java Runtime Environment to continue.
# Native memory allocation (mmap) failed to map 132120576 bytes for Failed to commit area from 0x0000000082000000 to 0x0000000089e00000 of length 132120576.
# Possible reasons:
#   The system is out of physical RAM or swap space
#   The process is running with CompressedOops enabled, and the Java Heap may be blocking the growth of the native heap
# Possible solutions:
#   Reduce memory load on the system
#   Increase physical memory or swap space
#   Check if swap backing store is full
#   Decrease Java heap size (-Xmx/-Xms)
#   Decrease number of Java threads
#   Decrease Java thread stack sizes (-Xss)
#   Set larger code cache with -XX:ReservedCodeCacheSize=
# This output file may be truncated or incomplete.
#
#  Out of Memory Error (c:/workspace/9-2-build-windows-amd64-cygwin-phase2/jdk9/6725/hotspot/src/os/windows/vm/os_windows.cpp:3357), pid=22612, tid=22664
#
# JRE version:  (9.0+181) (build )
# Java VM: Java HotSpot(TM) 64-Bit Server VM (9+181, mixed mode, tiered, compressed oops, g1 gc, windows-amd64)
# No core dump will be written. Minidumps are not enabled by default on client versions of Windows
#

---------------  S U M M A R Y ------------

Command Line: -Dfile.encoding=Cp1252 a192.Chess960

Host: Intel(R) Core(TM) i5-7200U CPU @ 2.50GHz, 4 cores, 7G,  Windows 10 , 64 bit Build 16299 (10.0.16299.15)
Time: Thu Apr 05 01:16:29 2018 Mitteleuropäische Sommerzeit elapsed time: 0 seconds (0d 0h 0m 0s)

---------------  T H R E A D  ---------------

Current thread (0x000002237193e800):  JavaThread "Unknown thread" [_thread_in_vm, id=22664, stack(0x000000b44e600000,0x000000b44e700000)]

Stack: [0x000000b44e600000,0x000000b44e700000]
Native frames: (J=compiled Java code, j=interpreted, Vv=VM code, C=native code)
V  [jvm.dll+0x587108]
V  [jvm.dll+0x69c14e]
V  [jvm.dll+0x69d06a]
V  [jvm.dll+0x69d6a3]
V  [jvm.dll+0x21d3f8]
V  [jvm.dll+0x584c34]
V  [jvm.dll+0x57a075]
V  [jvm.dll+0x2cd7eb]
V  [jvm.dll+0x2cd753]
V  [jvm.dll+0x2cd622]
V  [jvm.dll+0x2cf613]
V  [jvm.dll+0x319613]
V  [jvm.dll+0x319d26]
V  [jvm.dll+0x319713]
V  [jvm.dll+0x2ae028]
V  [jvm.dll+0x2af257]
V  [jvm.dll+0x67b29d]
V  [jvm.dll+0x67c66c]
V  [jvm.dll+0x326dc9]
V  [jvm.dll+0x6652be]
V  [jvm.dll+0x391b91]
V  [jvm.dll+0x393b41]
C  [javaw.exe+0x3501]
C  [javaw.exe+0xe25f]
C  [javaw.exe+0xe406]
C  [KERNEL32.DLL+0x11fe4]
C  [ntdll.dll+0x6efc1]


---------------  P R O C E S S  ---------------

Java Threads: ( => current thread )

Other Threads:
  0x0000022371956800 GCTaskThread "GC Thread#0" [stack: 0x000000b44e700000,0x000000b44e800000] [id=22668]
  0x0000022371958000 GCTaskThread "GC Thread#1" [stack: 0x000000b44e800000,0x000000b44e900000] [id=22672]
  0x0000022371959800 GCTaskThread "GC Thread#2" [stack: 0x000000b44e900000,0x000000b44ea00000] [id=22676]
  0x000002237195d800 GCTaskThread "GC Thread#3" [stack: 0x000000b44ea00000,0x000000b44eb00000] [id=22680]
  0x00000223719d9800 ConcurrentGCThread "G1 Main Marker" [stack: 0x000000b44f000000,0x000000b44f100000] [id=22704]
  0x00000223719db000 ConcurrentGCThread "G1 Marker#0" [stack: 0x000000b44f100000,0x000000b44f200000] [id=22708]
  0x0000022371972800 ConcurrentGCThread "G1 Refine#0" [stack: 0x000000b44ee00000,0x000000b44ef00000] [id=22696]
  0x000002237196d800 ConcurrentGCThread "G1 Refine#1" [stack: 0x000000b44ed00000,0x000000b44ee00000] [id=22692]
  0x000002237196c000 ConcurrentGCThread "G1 Refine#2" [stack: 0x000000b44ec00000,0x000000b44ed00000] [id=22688]
  0x0000022371963800 ConcurrentGCThread "G1 Refine#3" [stack: 0x000000b44eb00000,0x000000b44ec00000] [id=22684]
  0x0000022371974000 ConcurrentGCThread "G1 Young RemSet Sampling" [stack: 0x000000b44ef00000,0x000000b44f000000] [id=22700]

=>0x000002237193e800 (exited) JavaThread "Unknown thread" [_thread_in_vm, id=22664, stack(0x000000b44e600000,0x000000b44e700000)]

Threads with active compile tasks:

VM state:not at safepoint (not fully initialized)

VM Mutex/Monitor currently owned by a thread:  ([mutex/lock_event])
[0x000002237193a7d0] Heap_lock - owner thread: 0x000002237193e800

Heap address: 0x0000000082000000, size: 2016 MB, Compressed Oops mode: Non-zero based: 0x0000000082000000
Narrow klass base: 0x0000000000000000, Narrow klass shift: 0

GC Heap History (0 events):
No events

Deoptimization events (0 events):
No events

Classes redefined (0 events):
No events

Internal exceptions (0 events):
No events

Events (0 events):
No events


Dynamic libraries:
0x00007ff7f59b0000 - 0x00007ff7f59ee000 	C:\Program Files\Java\jre-9\bin\javaw.exe
0x00007ffd9b510000 - 0x00007ffd9b6f0000 	C:\WINDOWS\SYSTEM32\ntdll.dll
0x00007ffd9b110000 - 0x00007ffd9b1be000 	C:\WINDOWS\System32\KERNEL32.DLL
0x00007ffd97910000 - 0x00007ffd97b76000 	C:\WINDOWS\System32\KERNELBASE.dll
0x00007ffd996a0000 - 0x00007ffd99741000 	C:\WINDOWS\System32\ADVAPI32.dll
0x00007ffd994d0000 - 0x00007ffd9956d000 	C:\WINDOWS\System32\msvcrt.dll
0x00007ffd9ada0000 - 0x00007ffd9adfb000 	C:\WINDOWS\System32\sechost.dll
0x00007ffd98f60000 - 0x00007ffd9907f000 	C:\WINDOWS\System32\RPCRT4.dll
0x00007ffd9b2a0000 - 0x00007ffd9b42f000 	C:\WINDOWS\System32\USER32.dll
0x00007ffd989c0000 - 0x00007ffd989e0000 	C:\WINDOWS\System32\win32u.dll
0x00007ffd99670000 - 0x00007ffd99698000 	C:\WINDOWS\System32\GDI32.dll
0x00007ffd98820000 - 0x00007ffd989b3000 	C:\WINDOWS\System32\gdi32full.dll
0x00007ffd98030000 - 0x00007ffd980cb000 	C:\WINDOWS\System32\msvcp_win.dll
0x00007ffd97c30000 - 0x00007ffd97d26000 	C:\WINDOWS\System32\ucrtbase.dll
0x00007ffd86ed0000 - 0x00007ffd87139000 	C:\WINDOWS\WinSxS\amd64_microsoft.windows.common-controls_6595b64144ccf1df_6.0.16299.309_none_15cfd4c4935e6b11\COMCTL32.dll
0x00007ffd98b50000 - 0x00007ffd98e58000 	C:\WINDOWS\System32\combase.dll
0x00007ffd8dd90000 - 0x00007ffd8dd9a000 	C:\WINDOWS\SYSTEM32\VERSION.dll
0x00007ffd97d80000 - 0x00007ffd97df2000 	C:\WINDOWS\System32\bcryptPrimitives.dll
0x00007ffd9b070000 - 0x00007ffd9b09d000 	C:\WINDOWS\System32\IMM32.DLL
0x00007ffd63290000 - 0x00007ffd6337f000 	C:\Program Files\Java\jre-9\bin\msvcr120.dll
0x00007ffd6de60000 - 0x00007ffd6df06000 	C:\Program Files\Java\jre-9\bin\msvcp120.dll
0x0000000055c40000 - 0x000000005666a000 	C:\Program Files\Java\jre-9\bin\server\jvm.dll
0x00007ffd9ab90000 - 0x00007ffd9ab98000 	C:\WINDOWS\System32\PSAPI.DLL
0x00007ffd92370000 - 0x00007ffd92379000 	C:\WINDOWS\SYSTEM32\WSOCK32.dll
0x00007ffd948e0000 - 0x00007ffd94903000 	C:\WINDOWS\SYSTEM32\WINMM.dll
0x00007ffd9b0a0000 - 0x00007ffd9b10c000 	C:\WINDOWS\System32\WS2_32.dll
0x00007ffd948b0000 - 0x00007ffd948da000 	C:\WINDOWS\SYSTEM32\winmmbase.dll
0x00007ffd97d30000 - 0x00007ffd97d7a000 	C:\WINDOWS\System32\cfgmgr32.dll
0x00007ffd922f0000 - 0x00007ffd922ff000 	C:\Program Files\Java\jre-9\bin\verify.dll
0x00007ffd7f630000 - 0x00007ffd7f657000 	C:\Program Files\Java\jre-9\bin\java.dll
0x00007ffd7f420000 - 0x00007ffd7f436000 	C:\Program Files\Java\jre-9\bin\zip.dll
0x00007ffd83660000 - 0x00007ffd8366a000 	C:\Program Files\Java\jre-9\bin\jimage.dll
0x00007ffd841d0000 - 0x00007ffd84398000 	C:\WINDOWS\SYSTEM32\dbghelp.dll

VM Arguments:
jvm_args: -Dfile.encoding=Cp1252 
java_command: a192.Chess960
java_class_path (initial): C:\Users\Philipp\eclipse-workspace\trainyourprogrammer.de\bin
Launcher Type: SUN_STANDARD

Logging:
Log output configuration:
#0: stdout all=warning uptime,level,tags
#1: stderr all=off uptime,level,tags

Environment Variables:
PATH=C:/Program Files/Java/jre-9/bin/server;C:/Program Files/Java/jre-9/bin;C:\ProgramData\Oracle\Java\javapath;C:\Program Files (x86)\Intel\iCLS Client\;C:\Program Files\Intel\iCLS Client\;C:\Windows\system32;C:\Windows;C:\Windows\System32\Wbem;C:\Windows\System32\WindowsPowerShell\v1.0\;C:\Program Files (x86)\NVIDIA Corporation\PhysX\Common;C:\Program Files (x86)\Intel\Intel(R) Management Engine Components\DAL;C:\Program Files\Intel\Intel(R) Management Engine Components\DAL;C:\Program Files (x86)\Intel\Intel(R) Management Engine Components\IPT;C:\Program Files\Intel\Intel(R) Management Engine Components\IPT;C:\WINDOWS\system32;C:\WINDOWS;C:\WINDOWS\System32\Wbem;C:\WINDOWS\System32\WindowsPowerShell\v1.0\;C:\Users\Philipp\AppData\Local\Microsoft\WindowsApps;;C:\Users\Philipp\Desktop;
USERNAME=Philipp
OS=Windows_NT
PROCESSOR_IDENTIFIER=Intel64 Family 6 Model 142 Stepping 9, GenuineIntel



---------------  S Y S T E M  ---------------

OS: Windows 10 , 64 bit Build 16299 (10.0.16299.15)

CPU:total 4 (initial active 4) (2 cores per cpu, 2 threads per core) family 6 model 142 stepping 9, cmov, cx8, fxsr, mmx, sse, sse2, sse3, ssse3, sse4.1, sse4.2, popcnt, avx, avx2, aes, clmul, erms, 3dnowpref, lzcnt, ht, tsc, tscinvbit, bmi1, bmi2, adx, fma

Memory: 4k page, physical 8253668k(2535576k free), swap 23736928k(11144k free)

vm_info: Java HotSpot(TM) 64-Bit Server VM (9+181) for windows-amd64 JRE (9+181), built on Aug  2 2017 21:30:51 by "javare" with MS VC++ 12.0 (VS2013)

END.
